[2025-08-31T15:09:38.679+0000] {local_task_job_runner.py:120} INFO - ::group::Pre task execution logs
[2025-08-31T15:09:38.741+0000] {taskinstance.py:2076} INFO - Dependencies all met for dep_context=non-requeueable deps ti=<TaskInstance: dynamic_scrapy_spiders.setup_environment manual__2025-08-31T15:09:38.054196+00:00 [queued]>
[2025-08-31T15:09:38.749+0000] {taskinstance.py:2076} INFO - Dependencies all met for dep_context=requeueable deps ti=<TaskInstance: dynamic_scrapy_spiders.setup_environment manual__2025-08-31T15:09:38.054196+00:00 [queued]>
[2025-08-31T15:09:38.750+0000] {taskinstance.py:2306} INFO - Starting attempt 1 of 2
[2025-08-31T15:09:38.770+0000] {taskinstance.py:2330} INFO - Executing <Task(BashOperator): setup_environment> on 2025-08-31 15:09:38.054196+00:00
[2025-08-31T15:09:38.787+0000] {standard_task_runner.py:90} INFO - Running: ['***', 'tasks', 'run', 'dynamic_scrapy_spiders', 'setup_environment', 'manual__2025-08-31T15:09:38.054196+00:00', '--job-id', '2', '--raw', '--subdir', 'DAGS_FOLDER/scrapy_crawler_dag.py', '--cfg-path', '/tmp/tmpung99wio']
[2025-08-31T15:09:38.790+0000] {standard_task_runner.py:91} INFO - Job 2: Subtask setup_environment
[2025-08-31T15:09:38.794+0000] {logging_mixin.py:188} WARNING - /home/***/.local/lib/python3.12/site-packages/***/task/task_runner/standard_task_runner.py:62 DeprecationWarning: This process (pid=170) is multi-threaded, use of fork() may lead to deadlocks in the child.
[2025-08-31T15:09:38.794+0000] {standard_task_runner.py:64} INFO - Started process 171 to run task
[2025-08-31T15:09:38.874+0000] {task_command.py:426} INFO - Running <TaskInstance: dynamic_scrapy_spiders.setup_environment manual__2025-08-31T15:09:38.054196+00:00 [running]> on host f1d4767aae07
[2025-08-31T15:09:39.022+0000] {taskinstance.py:2648} INFO - Exporting env vars: AIRFLOW_CTX_DAG_OWNER='***' AIRFLOW_CTX_DAG_ID='dynamic_scrapy_spiders' AIRFLOW_CTX_TASK_ID='setup_environment' AIRFLOW_CTX_EXECUTION_DATE='2025-08-31T15:09:38.054196+00:00' AIRFLOW_CTX_TRY_NUMBER='1' AIRFLOW_CTX_DAG_RUN_ID='manual__2025-08-31T15:09:38.054196+00:00'
[2025-08-31T15:09:39.023+0000] {taskinstance.py:430} INFO - ::endgroup::
[2025-08-31T15:09:39.071+0000] {subprocess.py:63} INFO - Tmp dir root location: /tmp
[2025-08-31T15:09:39.073+0000] {subprocess.py:75} INFO - Running command: ['/usr/bin/bash', '-c', 'cd /opt/***/identity-mapping/scraper && scrapy list']
[2025-08-31T15:09:39.098+0000] {subprocess.py:86} INFO - Output:
[2025-08-31T15:09:41.249+0000] {subprocess.py:93} INFO - npiregistry
[2025-08-31T15:09:41.437+0000] {subprocess.py:97} INFO - Command exited with return code 0
[2025-08-31T15:09:41.438+0000] {taskinstance.py:441} INFO - ::group::Post task execution logs
[2025-08-31T15:09:41.488+0000] {taskinstance.py:1206} INFO - Marking task as SUCCESS. dag_id=dynamic_scrapy_spiders, task_id=setup_environment, run_id=manual__2025-08-31T15:09:38.054196+00:00, execution_date=20250831T150938, start_date=20250831T150938, end_date=20250831T150941
[2025-08-31T15:09:41.516+0000] {local_task_job_runner.py:243} INFO - Task exited with return code 0
[2025-08-31T15:09:41.544+0000] {taskinstance.py:3503} INFO - 1 downstream tasks scheduled from follow-on schedule check
[2025-08-31T15:09:41.546+0000] {local_task_job_runner.py:222} INFO - ::endgroup::
