[2025-08-31T15:08:39.834+0000] {manager.py:470} INFO - Processing files using up to 2 processes at a time 
[2025-08-31T15:08:39.835+0000] {manager.py:471} INFO - Process each file at most once every 30 seconds
[2025-08-31T15:08:39.835+0000] {manager.py:472} INFO - Checking for new files in /opt/airflow/dags every 300 seconds
[2025-08-31T15:08:39.835+0000] {manager.py:737} INFO - Searching for files in /opt/airflow/dags
[2025-08-31T15:08:39.836+0000] {manager.py:740} INFO - There are 1 files in /opt/airflow/dags
[2025-08-31T15:08:39.922+0000] {manager.py:878} INFO - 
================================================================================
DAG File Processing Stats

File Path                                  PID  Runtime      # DAGs    # Errors  Last Runtime    Last Run
---------------------------------------  -----  ---------  --------  ----------  --------------  ----------
/opt/airflow/dags/scrapy_crawler_dag.py    159  0.04s             0           0
================================================================================
[2025-08-31T15:09:10.502+0000] {manager.py:878} INFO - 
================================================================================
DAG File Processing Stats

File Path                                  PID  Runtime      # DAGs    # Errors  Last Runtime    Last Run
---------------------------------------  -----  ---------  --------  ----------  --------------  -------------------
/opt/airflow/dags/scrapy_crawler_dag.py    165  0.01s             1           0  0.14s           2025-08-31T15:08:40
================================================================================
[2025-08-31T15:09:40.687+0000] {manager.py:878} INFO - 
================================================================================
DAG File Processing Stats

File Path                                  PID  Runtime      # DAGs    # Errors  Last Runtime    Last Run
---------------------------------------  -----  ---------  --------  ----------  --------------  -------------------
/opt/airflow/dags/scrapy_crawler_dag.py    173  0.01s             1           0  0.12s           2025-08-31T15:09:10
================================================================================
[2025-08-31T15:10:10.921+0000] {manager.py:878} INFO - 
================================================================================
DAG File Processing Stats

File Path                                PID    Runtime      # DAGs    # Errors  Last Runtime    Last Run
---------------------------------------  -----  ---------  --------  ----------  --------------  -------------------
/opt/airflow/dags/scrapy_crawler_dag.py                           1           0  0.31s           2025-08-31T15:09:40
================================================================================
[2025-08-31T15:10:41.302+0000] {manager.py:878} INFO - 
================================================================================
DAG File Processing Stats

File Path                                  PID  Runtime      # DAGs    # Errors  Last Runtime    Last Run
---------------------------------------  -----  ---------  --------  ----------  --------------  -------------------
/opt/airflow/dags/scrapy_crawler_dag.py    200  0.01s             1           0  0.12s           2025-08-31T15:10:11
================================================================================
[2025-08-31T15:11:11.554+0000] {manager.py:878} INFO - 
================================================================================
DAG File Processing Stats

File Path                                  PID  Runtime      # DAGs    # Errors  Last Runtime    Last Run
---------------------------------------  -----  ---------  --------  ----------  --------------  -------------------
/opt/airflow/dags/scrapy_crawler_dag.py    205  0.01s             1           0  0.11s           2025-08-31T15:10:41
================================================================================
[2025-08-31T15:11:41.731+0000] {manager.py:878} INFO - 
================================================================================
DAG File Processing Stats

File Path                                  PID  Runtime      # DAGs    # Errors  Last Runtime    Last Run
---------------------------------------  -----  ---------  --------  ----------  --------------  -------------------
/opt/airflow/dags/scrapy_crawler_dag.py    210  0.01s             1           0  0.14s           2025-08-31T15:11:11
================================================================================
[2025-08-31T15:12:11.902+0000] {manager.py:878} INFO - 
================================================================================
DAG File Processing Stats

File Path                                  PID  Runtime      # DAGs    # Errors  Last Runtime    Last Run
---------------------------------------  -----  ---------  --------  ----------  --------------  -------------------
/opt/airflow/dags/scrapy_crawler_dag.py    215  0.01s             1           0  0.12s           2025-08-31T15:11:41
================================================================================
[2025-08-31T15:12:42.162+0000] {manager.py:878} INFO - 
================================================================================
DAG File Processing Stats

File Path                                  PID  Runtime      # DAGs    # Errors  Last Runtime    Last Run
---------------------------------------  -----  ---------  --------  ----------  --------------  -------------------
/opt/airflow/dags/scrapy_crawler_dag.py    220  0.01s             1           0  0.11s           2025-08-31T15:12:12
================================================================================
[2025-08-31T15:13:12.387+0000] {manager.py:878} INFO - 
================================================================================
DAG File Processing Stats

File Path                                  PID  Runtime      # DAGs    # Errors  Last Runtime    Last Run
---------------------------------------  -----  ---------  --------  ----------  --------------  -------------------
/opt/airflow/dags/scrapy_crawler_dag.py    225  0.01s             1           0  0.12s           2025-08-31T15:12:42
================================================================================
[2025-08-31T15:13:38.147+0000] {manager.py:452} INFO - Exiting gracefully upon receiving signal 15
[2025-08-31T15:14:32.492+0000] {manager.py:470} INFO - Processing files using up to 2 processes at a time 
[2025-08-31T15:14:32.493+0000] {manager.py:471} INFO - Process each file at most once every 30 seconds
[2025-08-31T15:14:32.494+0000] {manager.py:472} INFO - Checking for new files in /opt/airflow/dags every 300 seconds
[2025-08-31T15:14:32.494+0000] {manager.py:737} INFO - Searching for files in /opt/airflow/dags
[2025-08-31T15:14:32.495+0000] {manager.py:740} INFO - There are 1 files in /opt/airflow/dags
[2025-08-31T15:14:32.561+0000] {manager.py:878} INFO - 
================================================================================
DAG File Processing Stats

File Path                                  PID  Runtime      # DAGs    # Errors  Last Runtime    Last Run
---------------------------------------  -----  ---------  --------  ----------  --------------  ----------
/opt/airflow/dags/scrapy_crawler_dag.py    159  0.03s             0           0
================================================================================
[2025-08-31T15:15:02.740+0000] {manager.py:878} INFO - 
================================================================================
DAG File Processing Stats

File Path                                  PID  Runtime      # DAGs    # Errors  Last Runtime    Last Run
---------------------------------------  -----  ---------  --------  ----------  --------------  -------------------
/opt/airflow/dags/scrapy_crawler_dag.py    165  0.01s             1           0  0.09s           2025-08-31T15:14:32
================================================================================
[2025-08-31T15:15:32.941+0000] {manager.py:878} INFO - 
================================================================================
DAG File Processing Stats

File Path                                  PID  Runtime      # DAGs    # Errors  Last Runtime    Last Run
---------------------------------------  -----  ---------  --------  ----------  --------------  -------------------
/opt/airflow/dags/scrapy_crawler_dag.py    170  0.01s             1           0  0.19s           2025-08-31T15:15:02
================================================================================
[2025-08-31T15:16:03.105+0000] {manager.py:878} INFO - 
================================================================================
DAG File Processing Stats

File Path                                  PID  Runtime      # DAGs    # Errors  Last Runtime    Last Run
---------------------------------------  -----  ---------  --------  ----------  --------------  -------------------
/opt/airflow/dags/scrapy_crawler_dag.py    196  0.01s             1           0  0.11s           2025-08-31T15:15:33
================================================================================
[2025-08-31T15:16:33.350+0000] {manager.py:878} INFO - 
================================================================================
DAG File Processing Stats

File Path                                  PID  Runtime      # DAGs    # Errors  Last Runtime    Last Run
---------------------------------------  -----  ---------  --------  ----------  --------------  -------------------
/opt/airflow/dags/scrapy_crawler_dag.py    201  0.01s             1           0  0.13s           2025-08-31T15:16:03
================================================================================
[2025-08-31T15:17:03.530+0000] {manager.py:878} INFO - 
================================================================================
DAG File Processing Stats

File Path                                  PID  Runtime      # DAGs    # Errors  Last Runtime    Last Run
---------------------------------------  -----  ---------  --------  ----------  --------------  -------------------
/opt/airflow/dags/scrapy_crawler_dag.py    206  0.01s             1           0  0.11s           2025-08-31T15:16:33
================================================================================
[2025-08-31T15:17:33.705+0000] {manager.py:878} INFO - 
================================================================================
DAG File Processing Stats

File Path                                  PID  Runtime      # DAGs    # Errors  Last Runtime    Last Run
---------------------------------------  -----  ---------  --------  ----------  --------------  -------------------
/opt/airflow/dags/scrapy_crawler_dag.py    211  0.01s             1           0  0.11s           2025-08-31T15:17:03
================================================================================
[2025-08-31T15:18:03.954+0000] {manager.py:878} INFO - 
================================================================================
DAG File Processing Stats

File Path                                  PID  Runtime      # DAGs    # Errors  Last Runtime    Last Run
---------------------------------------  -----  ---------  --------  ----------  --------------  -------------------
/opt/airflow/dags/scrapy_crawler_dag.py    216  0.01s             1           0  0.12s           2025-08-31T15:17:33
================================================================================
[2025-08-31T15:18:34.156+0000] {manager.py:878} INFO - 
================================================================================
DAG File Processing Stats

File Path                                  PID  Runtime      # DAGs    # Errors  Last Runtime    Last Run
---------------------------------------  -----  ---------  --------  ----------  --------------  -------------------
/opt/airflow/dags/scrapy_crawler_dag.py    221  0.01s             1           0  0.11s           2025-08-31T15:18:04
================================================================================
[2025-08-31T15:19:04.376+0000] {manager.py:878} INFO - 
================================================================================
DAG File Processing Stats

File Path                                  PID  Runtime      # DAGs    # Errors  Last Runtime    Last Run
---------------------------------------  -----  ---------  --------  ----------  --------------  -------------------
/opt/airflow/dags/scrapy_crawler_dag.py    226  0.01s             1           0  0.14s           2025-08-31T15:18:34
================================================================================
[2025-08-31T15:19:32.590+0000] {manager.py:737} INFO - Searching for files in /opt/airflow/dags
[2025-08-31T15:19:32.591+0000] {manager.py:740} INFO - There are 1 files in /opt/airflow/dags
[2025-08-31T15:19:34.620+0000] {manager.py:878} INFO - 
================================================================================
DAG File Processing Stats

File Path                                  PID  Runtime      # DAGs    # Errors  Last Runtime    Last Run
---------------------------------------  -----  ---------  --------  ----------  --------------  -------------------
/opt/airflow/dags/scrapy_crawler_dag.py    231  0.01s             1           0  0.12s           2025-08-31T15:19:04
================================================================================
[2025-08-31T15:20:04.835+0000] {manager.py:878} INFO - 
================================================================================
DAG File Processing Stats

File Path                                  PID  Runtime      # DAGs    # Errors  Last Runtime    Last Run
---------------------------------------  -----  ---------  --------  ----------  --------------  -------------------
/opt/airflow/dags/scrapy_crawler_dag.py    236  0.01s             1           0  0.11s           2025-08-31T15:19:34
================================================================================
[2025-08-31T15:20:35.062+0000] {manager.py:878} INFO - 
================================================================================
DAG File Processing Stats

File Path                                  PID  Runtime      # DAGs    # Errors  Last Runtime    Last Run
---------------------------------------  -----  ---------  --------  ----------  --------------  -------------------
/opt/airflow/dags/scrapy_crawler_dag.py    241  0.01s             1           0  0.12s           2025-08-31T15:20:04
================================================================================
[2025-08-31T15:21:05.246+0000] {manager.py:878} INFO - 
================================================================================
DAG File Processing Stats

File Path                                  PID  Runtime      # DAGs    # Errors  Last Runtime    Last Run
---------------------------------------  -----  ---------  --------  ----------  --------------  -------------------
/opt/airflow/dags/scrapy_crawler_dag.py    246  0.01s             1           0  0.13s           2025-08-31T15:20:35
================================================================================
[2025-08-31T15:21:35.480+0000] {manager.py:878} INFO - 
================================================================================
DAG File Processing Stats

File Path                                  PID  Runtime      # DAGs    # Errors  Last Runtime    Last Run
---------------------------------------  -----  ---------  --------  ----------  --------------  -------------------
/opt/airflow/dags/scrapy_crawler_dag.py    251  0.01s             1           0  0.12s           2025-08-31T15:21:05
================================================================================
[2025-08-31T15:22:05.674+0000] {manager.py:878} INFO - 
================================================================================
DAG File Processing Stats

File Path                                  PID  Runtime      # DAGs    # Errors  Last Runtime    Last Run
---------------------------------------  -----  ---------  --------  ----------  --------------  -------------------
/opt/airflow/dags/scrapy_crawler_dag.py    256  0.01s             1           0  0.11s           2025-08-31T15:21:35
================================================================================
[2025-08-31T15:22:35.886+0000] {manager.py:878} INFO - 
================================================================================
DAG File Processing Stats

File Path                                  PID  Runtime      # DAGs    # Errors  Last Runtime    Last Run
---------------------------------------  -----  ---------  --------  ----------  --------------  -------------------
/opt/airflow/dags/scrapy_crawler_dag.py    261  0.01s             1           0  0.13s           2025-08-31T15:22:05
================================================================================
[2025-08-31T15:23:06.194+0000] {manager.py:878} INFO - 
================================================================================
DAG File Processing Stats

File Path                                  PID  Runtime      # DAGs    # Errors  Last Runtime    Last Run
---------------------------------------  -----  ---------  --------  ----------  --------------  -------------------
/opt/airflow/dags/scrapy_crawler_dag.py    266  0.01s             1           0  0.15s           2025-08-31T15:22:36
================================================================================
[2025-08-31T15:23:36.399+0000] {manager.py:878} INFO - 
================================================================================
DAG File Processing Stats

File Path                                PID    Runtime      # DAGs    # Errors  Last Runtime    Last Run
---------------------------------------  -----  ---------  --------  ----------  --------------  -------------------
/opt/airflow/dags/scrapy_crawler_dag.py                           1           0  0.30s           2025-08-31T15:23:06
================================================================================
[2025-08-31T15:24:06.779+0000] {manager.py:878} INFO - 
================================================================================
DAG File Processing Stats

File Path                                  PID  Runtime      # DAGs    # Errors  Last Runtime    Last Run
---------------------------------------  -----  ---------  --------  ----------  --------------  -------------------
/opt/airflow/dags/scrapy_crawler_dag.py    276  0.01s             1           0  0.13s           2025-08-31T15:23:36
================================================================================
[2025-08-31T15:24:32.916+0000] {manager.py:737} INFO - Searching for files in /opt/airflow/dags
[2025-08-31T15:24:32.918+0000] {manager.py:740} INFO - There are 1 files in /opt/airflow/dags
[2025-08-31T15:24:37.198+0000] {manager.py:878} INFO - 
================================================================================
DAG File Processing Stats

File Path                                  PID  Runtime      # DAGs    # Errors  Last Runtime    Last Run
---------------------------------------  -----  ---------  --------  ----------  --------------  -------------------
/opt/airflow/dags/scrapy_crawler_dag.py    281  0.01s             1           0  0.12s           2025-08-31T15:24:06
================================================================================
[2025-08-31T15:25:07.372+0000] {manager.py:878} INFO - 
================================================================================
DAG File Processing Stats

File Path                                  PID  Runtime      # DAGs    # Errors  Last Runtime    Last Run
---------------------------------------  -----  ---------  --------  ----------  --------------  -------------------
/opt/airflow/dags/scrapy_crawler_dag.py    286  0.01s             1           0  0.15s           2025-08-31T15:24:37
================================================================================
