[2025-08-31T15:15:50.519+0000] {local_task_job_runner.py:120} INFO - ::group::Pre task execution logs
[2025-08-31T15:15:50.568+0000] {taskinstance.py:2076} INFO - Dependencies all met for dep_context=non-requeueable deps ti=<TaskInstance: dynamic_scrapy_spiders.setup_environment manual__2025-08-31T15:15:49.347994+00:00 [queued]>
[2025-08-31T15:15:50.580+0000] {taskinstance.py:2076} INFO - Dependencies all met for dep_context=requeueable deps ti=<TaskInstance: dynamic_scrapy_spiders.setup_environment manual__2025-08-31T15:15:49.347994+00:00 [queued]>
[2025-08-31T15:15:50.580+0000] {taskinstance.py:2306} INFO - Starting attempt 1 of 2
[2025-08-31T15:15:50.599+0000] {taskinstance.py:2330} INFO - Executing <Task(BashOperator): setup_environment> on 2025-08-31 15:15:49.347994+00:00
[2025-08-31T15:15:50.613+0000] {standard_task_runner.py:90} INFO - Running: ['***', 'tasks', 'run', 'dynamic_scrapy_spiders', 'setup_environment', 'manual__2025-08-31T15:15:49.347994+00:00', '--job-id', '2', '--raw', '--subdir', 'DAGS_FOLDER/scrapy_crawler_dag.py', '--cfg-path', '/tmp/tmp4dtry8h6']
[2025-08-31T15:15:50.616+0000] {standard_task_runner.py:91} INFO - Job 2: Subtask setup_environment
[2025-08-31T15:15:50.618+0000] {logging_mixin.py:188} WARNING - /home/***/.local/lib/python3.12/site-packages/***/task/task_runner/standard_task_runner.py:62 DeprecationWarning: This process (pid=175) is multi-threaded, use of fork() may lead to deadlocks in the child.
[2025-08-31T15:15:50.619+0000] {standard_task_runner.py:64} INFO - Started process 176 to run task
[2025-08-31T15:15:50.707+0000] {task_command.py:426} INFO - Running <TaskInstance: dynamic_scrapy_spiders.setup_environment manual__2025-08-31T15:15:49.347994+00:00 [running]> on host 68353a0c5ac2
[2025-08-31T15:15:50.861+0000] {taskinstance.py:2648} INFO - Exporting env vars: AIRFLOW_CTX_DAG_OWNER='***' AIRFLOW_CTX_DAG_ID='dynamic_scrapy_spiders' AIRFLOW_CTX_TASK_ID='setup_environment' AIRFLOW_CTX_EXECUTION_DATE='2025-08-31T15:15:49.347994+00:00' AIRFLOW_CTX_TRY_NUMBER='1' AIRFLOW_CTX_DAG_RUN_ID='manual__2025-08-31T15:15:49.347994+00:00'
[2025-08-31T15:15:50.862+0000] {taskinstance.py:430} INFO - ::endgroup::
[2025-08-31T15:15:50.895+0000] {subprocess.py:63} INFO - Tmp dir root location: /tmp
[2025-08-31T15:15:50.896+0000] {subprocess.py:75} INFO - Running command: ['/usr/bin/bash', '-c', 'cd /opt/***/identity-mapping/scraper && scrapy list']
[2025-08-31T15:15:50.915+0000] {subprocess.py:86} INFO - Output:
[2025-08-31T15:15:52.683+0000] {subprocess.py:93} INFO - npiregistry
[2025-08-31T15:15:52.798+0000] {subprocess.py:97} INFO - Command exited with return code 0
[2025-08-31T15:15:52.799+0000] {taskinstance.py:441} INFO - ::group::Post task execution logs
[2025-08-31T15:15:52.834+0000] {taskinstance.py:1206} INFO - Marking task as SUCCESS. dag_id=dynamic_scrapy_spiders, task_id=setup_environment, run_id=manual__2025-08-31T15:15:49.347994+00:00, execution_date=20250831T151549, start_date=20250831T151550, end_date=20250831T151552
[2025-08-31T15:15:52.889+0000] {local_task_job_runner.py:243} INFO - Task exited with return code 0
[2025-08-31T15:15:52.914+0000] {taskinstance.py:3503} INFO - 0 downstream tasks scheduled from follow-on schedule check
[2025-08-31T15:15:52.917+0000] {local_task_job_runner.py:222} INFO - ::endgroup::
